<?xml version="1.0" encoding="UTF-8"?>
<!-- Generated by org.testng.reporters.JUnitXMLReporter -->
<testsuite hostname="senldogo5358" name="Test" tests="1" failures="1" timestamp="29 Jul 2019 06:10:30 GMT" time="10.73" errors="0">
  <testcase name="processManuscriptFile" time="0.011" classname="ACDCWebPortal.processManuscriptUsingWebortal">
    <failure type="java.lang.NullPointerException">
      <![CDATA[java.lang.NullPointerException
	at utility.Utils.listFilesAndFilesSubDirectories(Utils.java:111)
	at ACDCWebPortal.processManuscriptUsingWebortal.processManuscriptFile(processManuscriptUsingWebortal.java:49)
... Removed 24 stack frames]]>
    </failure>
  </testcase> <!-- processManuscriptFile -->
</testsuite> <!-- Test -->
